mode: set
gv-api/internal/response/response.go:10.56,13.56 3 1
gv-api/internal/response/response.go:13.56,15.3 1 0
gv-api/internal/response/response.go:18.63,20.2 1 1
gv-api/internal/auth/handler.go:19.48,21.2 1 1
gv-api/internal/auth/handler.go:23.65,27.61 2 1
gv-api/internal/auth/handler.go:27.61,30.3 2 1
gv-api/internal/auth/handler.go:32.2,33.16 2 1
gv-api/internal/auth/handler.go:33.16,36.3 2 1
gv-api/internal/auth/handler.go:38.2,38.68 1 1
gv-api/internal/auth/handler.go:41.68,46.61 2 1
gv-api/internal/auth/handler.go:46.61,49.3 2 1
gv-api/internal/auth/handler.go:51.2,52.16 2 1
gv-api/internal/auth/handler.go:52.16,55.3 2 1
gv-api/internal/auth/handler.go:57.2,57.68 1 1
gv-api/internal/auth/middleware.go:18.60,20.2 1 1
gv-api/internal/auth/middleware.go:22.61,23.71 1 1
gv-api/internal/auth/middleware.go:23.71,25.23 2 1
gv-api/internal/auth/middleware.go:25.23,28.4 2 1
gv-api/internal/auth/middleware.go:30.3,31.26 2 1
gv-api/internal/auth/middleware.go:31.26,34.4 2 0
gv-api/internal/auth/middleware.go:36.3,37.17 2 1
gv-api/internal/auth/middleware.go:37.17,40.4 2 1
gv-api/internal/auth/middleware.go:42.3,42.23 1 1
gv-api/internal/auth/service.go:31.69,32.20 1 1
gv-api/internal/auth/service.go:32.20,34.3 1 1
gv-api/internal/auth/service.go:35.2,38.3 1 1
gv-api/internal/auth/service.go:41.90,51.2 3 1
gv-api/internal/auth/service.go:53.58,54.32 1 1
gv-api/internal/auth/service.go:54.32,56.3 1 1
gv-api/internal/auth/service.go:57.2,57.46 1 1
gv-api/internal/auth/service.go:60.65,62.94 2 1
gv-api/internal/auth/service.go:62.94,63.58 1 1
gv-api/internal/auth/service.go:63.58,65.4 1 0
gv-api/internal/auth/service.go:66.3,66.38 1 1
gv-api/internal/auth/service.go:69.2,69.32 1 1
gv-api/internal/auth/service.go:69.32,71.3 1 1
gv-api/internal/auth/service.go:73.2,73.25 1 1
gv-api/internal/auth/service.go:73.25,75.3 1 0
gv-api/internal/auth/service.go:77.2,77.12 1 1
gv-api/internal/auth/service.go:80.70,82.16 2 1
gv-api/internal/auth/service.go:82.16,84.3 1 1
gv-api/internal/auth/service.go:86.2,87.12 2 1
gv-api/internal/auth/service.go:87.12,89.3 1 1
gv-api/internal/auth/service.go:91.2,91.49 1 1
gv-api/test/e2e/client.go:226.44,232.2 2 1
gv-api/test/e2e/client.go:234.44,236.2 1 1
gv-api/test/e2e/client.go:238.87,242.17 4 1
gv-api/test/e2e/client.go:242.17,244.3 1 1
gv-api/test/e2e/client.go:244.8,246.3 1 1
gv-api/test/e2e/client.go:247.2,247.16 1 1
gv-api/test/e2e/client.go:247.16,249.3 1 0
gv-api/test/e2e/client.go:250.2,250.17 1 1
gv-api/test/e2e/client.go:250.17,252.3 1 1
gv-api/test/e2e/client.go:253.2,253.19 1 1
gv-api/test/e2e/client.go:253.19,255.3 1 1
gv-api/test/e2e/client.go:256.2,257.16 2 1
gv-api/test/e2e/client.go:257.16,259.3 1 0
gv-api/test/e2e/client.go:260.2,260.13 1 1
gv-api/test/e2e/client.go:263.65,269.38 5 1
gv-api/test/e2e/client.go:269.38,271.3 1 0
gv-api/test/e2e/client.go:273.2,274.67 2 1
gv-api/test/e2e/client.go:274.67,276.3 1 0
gv-api/test/e2e/client.go:277.2,277.24 1 1
gv-api/test/e2e/client.go:280.74,286.38 5 1
gv-api/test/e2e/client.go:286.38,288.3 1 0
gv-api/test/e2e/client.go:290.2,291.67 2 1
gv-api/test/e2e/client.go:291.67,293.3 1 0
gv-api/test/e2e/client.go:294.2,294.24 1 1
gv-api/test/e2e/client.go:297.91,304.43 5 1
gv-api/test/e2e/client.go:304.43,306.3 1 0
gv-api/test/e2e/client.go:308.2,309.66 2 1
gv-api/test/e2e/client.go:309.66,311.3 1 0
gv-api/test/e2e/client.go:312.2,312.14 1 1
gv-api/test/e2e/client.go:315.60,322.38 5 1
gv-api/test/e2e/client.go:322.38,324.3 1 0
gv-api/test/e2e/client.go:327.76,334.67 5 1
gv-api/test/e2e/client.go:334.67,336.3 1 0
gv-api/test/e2e/client.go:337.2,337.15 1 1
gv-api/test/e2e/client.go:342.91,347.43 5 1
gv-api/test/e2e/client.go:347.43,349.3 1 0
gv-api/test/e2e/client.go:350.2,351.64 2 1
gv-api/test/e2e/client.go:351.64,353.3 1 0
gv-api/test/e2e/client.go:354.2,354.12 1 1
gv-api/test/e2e/client.go:357.69,361.38 4 1
gv-api/test/e2e/client.go:361.38,363.3 1 0
gv-api/test/e2e/client.go:364.2,365.64 2 1
gv-api/test/e2e/client.go:365.64,367.3 1 0
gv-api/test/e2e/client.go:368.2,368.12 1 1
gv-api/test/e2e/client.go:371.88,375.38 4 1
gv-api/test/e2e/client.go:375.38,377.3 1 0
gv-api/test/e2e/client.go:378.2,379.64 2 1
gv-api/test/e2e/client.go:379.64,381.3 1 0
gv-api/test/e2e/client.go:382.2,382.12 1 1
gv-api/test/e2e/client.go:385.101,390.38 5 1
gv-api/test/e2e/client.go:390.38,392.3 1 0
gv-api/test/e2e/client.go:393.2,394.64 2 1
gv-api/test/e2e/client.go:394.64,396.3 1 0
gv-api/test/e2e/client.go:397.2,397.12 1 1
gv-api/test/e2e/client.go:400.82,405.43 5 1
gv-api/test/e2e/client.go:405.43,407.3 1 0
gv-api/test/e2e/client.go:408.2,409.64 2 1
gv-api/test/e2e/client.go:409.64,411.3 1 0
gv-api/test/e2e/client.go:412.2,412.12 1 1
gv-api/test/e2e/client.go:415.88,419.38 4 1
gv-api/test/e2e/client.go:419.38,421.3 1 0
gv-api/test/e2e/client.go:422.2,423.64 2 1
gv-api/test/e2e/client.go:423.64,425.3 1 0
gv-api/test/e2e/client.go:426.2,426.12 1 1
gv-api/test/e2e/client.go:429.92,434.38 5 1
gv-api/test/e2e/client.go:434.38,436.3 1 0
gv-api/test/e2e/client.go:437.2,438.64 2 1
gv-api/test/e2e/client.go:438.64,440.3 1 0
gv-api/test/e2e/client.go:441.2,441.12 1 1
gv-api/test/e2e/client.go:444.82,449.43 5 1
gv-api/test/e2e/client.go:449.43,451.3 1 0
gv-api/test/e2e/client.go:452.2,453.64 2 1
gv-api/test/e2e/client.go:453.64,455.3 1 0
gv-api/test/e2e/client.go:456.2,456.12 1 1
gv-api/test/e2e/client.go:459.92,464.38 5 1
gv-api/test/e2e/client.go:464.38,466.3 1 0
gv-api/test/e2e/client.go:467.2,468.64 2 1
gv-api/test/e2e/client.go:468.64,470.3 1 0
gv-api/test/e2e/client.go:471.2,471.12 1 1
gv-api/test/e2e/client.go:474.97,479.43 5 1
gv-api/test/e2e/client.go:479.43,481.3 1 0
gv-api/test/e2e/client.go:482.2,483.64 2 1
gv-api/test/e2e/client.go:483.64,485.3 1 0
gv-api/test/e2e/client.go:486.2,486.12 1 1
gv-api/test/e2e/client.go:489.107,494.38 5 1
gv-api/test/e2e/client.go:494.38,496.3 1 0
gv-api/test/e2e/client.go:497.2,498.64 2 1
gv-api/test/e2e/client.go:498.64,500.3 1 0
gv-api/test/e2e/client.go:501.2,501.12 1 1
gv-api/test/e2e/client.go:504.66,508.38 4 1
gv-api/test/e2e/client.go:508.38,510.3 1 0
gv-api/test/e2e/client.go:511.2,512.64 2 1
gv-api/test/e2e/client.go:512.64,514.3 1 0
gv-api/test/e2e/client.go:515.2,515.12 1 1
gv-api/test/e2e/client.go:518.77,522.38 4 1
gv-api/test/e2e/client.go:522.38,524.3 1 0
gv-api/test/e2e/client.go:525.2,526.64 2 1
gv-api/test/e2e/client.go:526.64,528.3 1 0
gv-api/test/e2e/client.go:529.2,529.12 1 1
gv-api/test/e2e/client.go:532.78,536.38 4 0
gv-api/test/e2e/client.go:536.38,538.3 1 0
gv-api/test/e2e/client.go:539.2,540.64 2 0
gv-api/test/e2e/client.go:540.64,542.3 1 0
gv-api/test/e2e/client.go:543.2,543.12 1 0
gv-api/test/e2e/client.go:546.70,550.38 4 0
gv-api/test/e2e/client.go:550.38,552.3 1 0
gv-api/test/e2e/client.go:553.2,554.64 2 0
gv-api/test/e2e/client.go:554.64,556.3 1 0
gv-api/test/e2e/client.go:557.2,557.12 1 0
gv-api/test/e2e/setup.go:13.36,16.15 3 1
gv-api/test/e2e/setup.go:16.15,18.3 1 0
gv-api/test/e2e/setup.go:19.2,19.12 1 1
gv-api/test/e2e/setup.go:22.38,25.16 3 1
gv-api/test/e2e/setup.go:25.16,27.3 1 0
gv-api/test/e2e/setup.go:28.2,28.35 1 1
gv-api/test/e2e/setup.go:31.27,32.41 1 1
gv-api/test/e2e/setup.go:32.41,34.3 1 1
gv-api/test/e2e/setup.go:35.2,35.19 1 0
gv-api/test/e2e/setup.go:38.29,39.44 1 1
gv-api/test/e2e/setup.go:39.44,41.3 1 1
gv-api/test/e2e/setup.go:42.2,42.17 1 0
gv-api/test/e2e/setup.go:45.44,52.16 5 1
gv-api/test/e2e/setup.go:52.16,54.3 1 0
gv-api/test/e2e/setup.go:56.2,58.15 3 1
gv-api/test/e2e/setup.go:61.35,65.16 4 1
gv-api/test/e2e/setup.go:65.16,67.3 1 0
gv-api/test/e2e/setup.go:68.2,71.16 3 1
gv-api/test/e2e/setup.go:71.16,73.3 1 0
gv-api/internal/tasks/handler.go:44.46,46.2 1 1
gv-api/internal/tasks/handler.go:48.66,51.16 3 1
gv-api/internal/tasks/handler.go:51.16,53.3 1 1
gv-api/internal/tasks/handler.go:54.2,54.23 1 1
gv-api/internal/tasks/handler.go:57.73,59.61 2 1
gv-api/internal/tasks/handler.go:59.61,62.3 2 1
gv-api/internal/tasks/handler.go:64.2,64.20 1 1
gv-api/internal/tasks/handler.go:64.20,67.3 2 1
gv-api/internal/tasks/handler.go:69.2,70.16 2 1
gv-api/internal/tasks/handler.go:70.16,73.3 2 1
gv-api/internal/tasks/handler.go:75.2,75.47 1 1
gv-api/internal/tasks/handler.go:78.70,80.61 2 1
gv-api/internal/tasks/handler.go:80.61,83.3 2 1
gv-api/internal/tasks/handler.go:85.2,85.20 1 1
gv-api/internal/tasks/handler.go:85.20,88.3 2 1
gv-api/internal/tasks/handler.go:90.2,91.16 2 1
gv-api/internal/tasks/handler.go:91.16,94.3 2 1
gv-api/internal/tasks/handler.go:96.2,96.44 1 1
gv-api/internal/tasks/handler.go:99.70,101.61 2 1
gv-api/internal/tasks/handler.go:101.61,104.3 2 1
gv-api/internal/tasks/handler.go:106.2,106.21 1 1
gv-api/internal/tasks/handler.go:106.21,109.3 2 1
gv-api/internal/tasks/handler.go:111.2,111.20 1 1
gv-api/internal/tasks/handler.go:111.20,114.3 2 1
gv-api/internal/tasks/handler.go:116.2,117.16 2 1
gv-api/internal/tasks/handler.go:117.16,120.3 2 1
gv-api/internal/tasks/handler.go:122.2,122.44 1 1
gv-api/internal/tasks/handler.go:125.75,127.61 2 1
gv-api/internal/tasks/handler.go:127.61,130.3 2 1
gv-api/internal/tasks/handler.go:132.2,132.21 1 1
gv-api/internal/tasks/handler.go:132.21,135.3 2 1
gv-api/internal/tasks/handler.go:137.2,137.28 1 1
gv-api/internal/tasks/handler.go:137.28,140.3 2 1
gv-api/internal/tasks/handler.go:142.2,143.16 2 1
gv-api/internal/tasks/handler.go:143.16,146.3 2 1
gv-api/internal/tasks/handler.go:148.2,148.45 1 1
gv-api/internal/tasks/handler.go:151.73,153.16 2 1
gv-api/internal/tasks/handler.go:153.16,156.3 2 1
gv-api/internal/tasks/handler.go:158.2,159.61 2 1
gv-api/internal/tasks/handler.go:159.61,162.3 2 1
gv-api/internal/tasks/handler.go:163.2,166.16 3 1
gv-api/internal/tasks/handler.go:166.16,167.34 1 1
gv-api/internal/tasks/handler.go:167.34,170.4 2 1
gv-api/internal/tasks/handler.go:171.3,172.9 2 1
gv-api/internal/tasks/handler.go:175.2,175.42 1 1
gv-api/internal/tasks/handler.go:178.70,180.16 2 1
gv-api/internal/tasks/handler.go:180.16,183.3 2 1
gv-api/internal/tasks/handler.go:185.2,186.61 2 1
gv-api/internal/tasks/handler.go:186.61,189.3 2 0
gv-api/internal/tasks/handler.go:190.2,193.16 3 1
gv-api/internal/tasks/handler.go:193.16,194.34 1 1
gv-api/internal/tasks/handler.go:194.34,197.4 2 1
gv-api/internal/tasks/handler.go:198.3,199.9 2 1
gv-api/internal/tasks/handler.go:202.2,202.39 1 1
gv-api/internal/tasks/handler.go:205.70,207.16 2 1
gv-api/internal/tasks/handler.go:207.16,210.3 2 1
gv-api/internal/tasks/handler.go:212.2,213.61 2 1
gv-api/internal/tasks/handler.go:213.61,216.3 2 0
gv-api/internal/tasks/handler.go:217.2,220.16 3 1
gv-api/internal/tasks/handler.go:220.16,221.34 1 1
gv-api/internal/tasks/handler.go:221.34,224.4 2 1
gv-api/internal/tasks/handler.go:225.3,226.9 2 1
gv-api/internal/tasks/handler.go:229.2,229.39 1 1
gv-api/internal/tasks/handler.go:232.75,234.16 2 1
gv-api/internal/tasks/handler.go:234.16,237.3 2 1
gv-api/internal/tasks/handler.go:239.2,240.61 2 1
gv-api/internal/tasks/handler.go:240.61,243.3 2 0
gv-api/internal/tasks/handler.go:244.2,247.16 3 1
gv-api/internal/tasks/handler.go:247.16,248.34 1 1
gv-api/internal/tasks/handler.go:248.34,251.4 2 1
gv-api/internal/tasks/handler.go:252.3,253.9 2 1
gv-api/internal/tasks/handler.go:256.2,256.40 1 1
gv-api/internal/tasks/handler.go:259.73,261.16 2 1
gv-api/internal/tasks/handler.go:261.16,264.3 2 1
gv-api/internal/tasks/handler.go:266.2,266.39 1 1
gv-api/internal/tasks/handler.go:269.78,271.16 2 1
gv-api/internal/tasks/handler.go:271.16,274.3 2 1
gv-api/internal/tasks/handler.go:276.2,277.16 2 1
gv-api/internal/tasks/handler.go:277.16,278.34 1 1
gv-api/internal/tasks/handler.go:278.34,281.4 2 1
gv-api/internal/tasks/handler.go:282.3,283.9 2 1
gv-api/internal/tasks/handler.go:286.2,286.41 1 1
gv-api/internal/tasks/handler.go:289.70,291.16 2 1
gv-api/internal/tasks/handler.go:291.16,294.3 2 1
gv-api/internal/tasks/handler.go:296.2,297.16 2 1
gv-api/internal/tasks/handler.go:297.16,298.34 1 1
gv-api/internal/tasks/handler.go:298.34,301.4 2 1
gv-api/internal/tasks/handler.go:302.3,303.9 2 1
gv-api/internal/tasks/handler.go:306.2,306.41 1 1
gv-api/internal/tasks/handler.go:309.67,311.16 2 1
gv-api/internal/tasks/handler.go:311.16,314.3 2 1
gv-api/internal/tasks/handler.go:316.2,317.16 2 1
gv-api/internal/tasks/handler.go:317.16,318.34 1 1
gv-api/internal/tasks/handler.go:318.34,321.4 2 1
gv-api/internal/tasks/handler.go:322.3,323.9 2 1
gv-api/internal/tasks/handler.go:326.2,326.41 1 1
gv-api/internal/tasks/handler.go:329.78,331.16 2 1
gv-api/internal/tasks/handler.go:331.16,334.3 2 1
gv-api/internal/tasks/handler.go:336.2,337.16 2 1
gv-api/internal/tasks/handler.go:337.16,338.34 1 1
gv-api/internal/tasks/handler.go:338.34,341.4 2 1
gv-api/internal/tasks/handler.go:342.3,343.9 2 1
gv-api/internal/tasks/handler.go:346.2,346.41 1 1
gv-api/internal/tasks/handler.go:349.77,351.16 2 1
gv-api/internal/tasks/handler.go:351.16,354.3 2 1
gv-api/internal/tasks/handler.go:355.2,355.40 1 1
gv-api/internal/tasks/handler.go:358.73,360.16 2 1
gv-api/internal/tasks/handler.go:360.16,363.3 2 1
gv-api/internal/tasks/handler.go:365.2,365.65 1 1
gv-api/internal/tasks/handler.go:365.65,368.3 2 1
gv-api/internal/tasks/handler.go:370.2,370.37 1 1
gv-api/internal/tasks/handler.go:373.70,375.16 2 1
gv-api/internal/tasks/handler.go:375.16,378.3 2 1
gv-api/internal/tasks/handler.go:380.2,380.62 1 1
gv-api/internal/tasks/handler.go:380.62,383.3 2 1
gv-api/internal/tasks/handler.go:385.2,385.37 1 1
gv-api/internal/tasks/handler.go:388.70,390.16 2 1
gv-api/internal/tasks/handler.go:390.16,393.3 2 1
gv-api/internal/tasks/handler.go:395.2,395.62 1 1
gv-api/internal/tasks/handler.go:395.62,398.3 2 1
gv-api/internal/tasks/handler.go:400.2,400.37 1 1
gv-api/internal/tasks/handler.go:403.75,405.16 2 1
gv-api/internal/tasks/handler.go:405.16,408.3 2 1
gv-api/internal/tasks/handler.go:410.2,410.67 1 1
gv-api/internal/tasks/handler.go:410.67,413.3 2 1
gv-api/internal/tasks/handler.go:415.2,415.37 1 1
gv-api/internal/tasks/handler.go:418.78,420.16 2 1
gv-api/internal/tasks/handler.go:420.16,421.34 1 1
gv-api/internal/tasks/handler.go:421.34,424.4 2 1
gv-api/internal/tasks/handler.go:425.3,426.9 2 1
gv-api/internal/tasks/handler.go:429.2,429.40 1 1
gv-api/internal/tasks/handler.go:432.79,434.16 2 0
gv-api/internal/tasks/handler.go:434.16,437.3 2 0
gv-api/internal/tasks/handler.go:439.2,439.42 1 0
gv-api/internal/tasks/handler.go:442.75,444.16 2 1
gv-api/internal/tasks/handler.go:444.16,447.3 2 1
gv-api/internal/tasks/handler.go:449.2,449.43 1 1
gv-api/internal/tasks/repository.go:49.59,51.2 1 0
gv-api/internal/tasks/repository.go:53.59,54.14 1 0
gv-api/internal/tasks/repository.go:54.14,57.3 2 0
gv-api/internal/tasks/repository.go:58.2,58.12 1 0
gv-api/internal/tasks/repository.go:61.44,62.13 1 0
gv-api/internal/tasks/repository.go:62.13,65.3 2 0
gv-api/internal/tasks/repository.go:66.2,66.12 1 0
gv-api/internal/tasks/repository.go:69.159,71.18 2 0
gv-api/internal/tasks/repository.go:71.18,73.3 1 0
gv-api/internal/tasks/repository.go:75.2,81.16 2 0
gv-api/internal/tasks/repository.go:81.16,83.3 1 0
gv-api/internal/tasks/repository.go:85.2,91.8 1 0
gv-api/internal/tasks/repository.go:94.154,96.18 2 0
gv-api/internal/tasks/repository.go:96.18,98.3 1 0
gv-api/internal/tasks/repository.go:100.2,106.16 2 0
gv-api/internal/tasks/repository.go:106.16,108.3 1 0
gv-api/internal/tasks/repository.go:110.2,116.8 1 0
gv-api/internal/tasks/repository.go:119.111,124.16 2 0
gv-api/internal/tasks/repository.go:124.16,126.3 1 0
gv-api/internal/tasks/repository.go:128.2,132.8 1 0
gv-api/internal/tasks/repository.go:135.116,137.21 2 0
gv-api/internal/tasks/repository.go:137.21,140.3 2 0
gv-api/internal/tasks/repository.go:141.2,141.28 1 0
gv-api/internal/tasks/repository.go:141.28,144.3 2 0
gv-api/internal/tasks/repository.go:145.2,145.22 1 0
gv-api/internal/tasks/repository.go:145.22,148.3 2 0
gv-api/internal/tasks/repository.go:149.2,149.25 1 0
gv-api/internal/tasks/repository.go:149.25,152.3 2 0
gv-api/internal/tasks/repository.go:153.2,153.26 1 0
gv-api/internal/tasks/repository.go:153.26,156.3 2 0
gv-api/internal/tasks/repository.go:157.2,157.27 1 0
gv-api/internal/tasks/repository.go:157.27,160.3 2 0
gv-api/internal/tasks/repository.go:162.2,163.16 2 0
gv-api/internal/tasks/repository.go:163.16,164.36 1 0
gv-api/internal/tasks/repository.go:164.36,166.4 1 0
gv-api/internal/tasks/repository.go:167.3,167.32 1 0
gv-api/internal/tasks/repository.go:170.2,178.8 1 0
gv-api/internal/tasks/repository.go:181.107,183.21 2 0
gv-api/internal/tasks/repository.go:183.21,186.3 2 0
gv-api/internal/tasks/repository.go:187.2,187.28 1 0
gv-api/internal/tasks/repository.go:187.28,190.3 2 0
gv-api/internal/tasks/repository.go:191.2,191.22 1 0
gv-api/internal/tasks/repository.go:191.22,194.3 2 0
gv-api/internal/tasks/repository.go:195.2,195.26 1 0
gv-api/internal/tasks/repository.go:195.26,198.3 2 0
gv-api/internal/tasks/repository.go:199.2,199.26 1 0
gv-api/internal/tasks/repository.go:199.26,202.3 2 0
gv-api/internal/tasks/repository.go:203.2,203.27 1 0
gv-api/internal/tasks/repository.go:203.27,206.3 2 0
gv-api/internal/tasks/repository.go:208.2,209.16 2 0
gv-api/internal/tasks/repository.go:209.16,210.36 1 0
gv-api/internal/tasks/repository.go:210.36,212.4 1 0
gv-api/internal/tasks/repository.go:213.3,213.29 1 0
gv-api/internal/tasks/repository.go:216.2,224.8 1 0
gv-api/internal/tasks/repository.go:227.107,229.23 2 0
gv-api/internal/tasks/repository.go:229.23,232.3 2 0
gv-api/internal/tasks/repository.go:233.2,233.21 1 0
gv-api/internal/tasks/repository.go:233.21,236.3 2 0
gv-api/internal/tasks/repository.go:237.2,237.23 1 0
gv-api/internal/tasks/repository.go:237.23,240.3 2 0
gv-api/internal/tasks/repository.go:242.2,243.16 2 0
gv-api/internal/tasks/repository.go:243.16,244.36 1 0
gv-api/internal/tasks/repository.go:244.36,246.4 1 0
gv-api/internal/tasks/repository.go:247.3,247.29 1 0
gv-api/internal/tasks/repository.go:250.2,255.8 1 0
gv-api/internal/tasks/repository.go:258.122,260.23 2 0
gv-api/internal/tasks/repository.go:260.23,263.3 2 0
gv-api/internal/tasks/repository.go:264.2,264.26 1 0
gv-api/internal/tasks/repository.go:264.26,267.3 2 0
gv-api/internal/tasks/repository.go:268.2,268.27 1 0
gv-api/internal/tasks/repository.go:268.27,271.3 2 0
gv-api/internal/tasks/repository.go:272.2,272.24 1 0
gv-api/internal/tasks/repository.go:272.24,275.3 2 0
gv-api/internal/tasks/repository.go:277.2,278.16 2 0
gv-api/internal/tasks/repository.go:278.16,279.36 1 0
gv-api/internal/tasks/repository.go:279.36,281.4 1 0
gv-api/internal/tasks/repository.go:282.3,282.34 1 0
gv-api/internal/tasks/repository.go:285.2,291.8 1 0
gv-api/internal/tasks/repository.go:294.169,298.23 3 0
gv-api/internal/tasks/repository.go:298.23,300.3 1 0
gv-api/internal/tasks/repository.go:302.2,308.16 2 0
gv-api/internal/tasks/repository.go:308.16,310.3 1 0
gv-api/internal/tasks/repository.go:312.2,318.8 1 0
gv-api/internal/tasks/repository.go:322.94,324.16 2 0
gv-api/internal/tasks/repository.go:324.16,326.3 1 0
gv-api/internal/tasks/repository.go:328.2,329.27 2 0
gv-api/internal/tasks/repository.go:329.27,336.3 1 0
gv-api/internal/tasks/repository.go:337.2,337.22 1 0
gv-api/internal/tasks/repository.go:340.96,342.16 2 0
gv-api/internal/tasks/repository.go:342.16,344.3 1 0
gv-api/internal/tasks/repository.go:346.2,347.27 2 0
gv-api/internal/tasks/repository.go:347.27,357.3 1 0
gv-api/internal/tasks/repository.go:358.2,358.19 1 0
gv-api/internal/tasks/repository.go:361.103,363.16 2 0
gv-api/internal/tasks/repository.go:363.16,365.3 1 0
gv-api/internal/tasks/repository.go:366.2,366.26 1 0
gv-api/internal/tasks/repository.go:369.95,371.16 2 0
gv-api/internal/tasks/repository.go:371.16,373.3 1 0
gv-api/internal/tasks/repository.go:374.2,374.20 1 0
gv-api/internal/tasks/repository.go:374.20,376.3 1 0
gv-api/internal/tasks/repository.go:378.2,380.27 3 0
gv-api/internal/tasks/repository.go:380.27,381.24 1 0
gv-api/internal/tasks/repository.go:381.24,388.4 1 0
gv-api/internal/tasks/repository.go:390.2,390.18 1 0
gv-api/internal/tasks/repository.go:390.18,392.3 1 0
gv-api/internal/tasks/repository.go:394.2,404.8 1 0
gv-api/internal/tasks/repository.go:407.120,409.16 2 0
gv-api/internal/tasks/repository.go:409.16,411.3 1 0
gv-api/internal/tasks/repository.go:412.2,412.27 1 0
gv-api/internal/tasks/repository.go:412.27,414.3 1 0
gv-api/internal/tasks/repository.go:417.2,418.32 2 0
gv-api/internal/tasks/repository.go:418.32,420.3 1 0
gv-api/internal/tasks/repository.go:422.2,423.16 2 0
gv-api/internal/tasks/repository.go:423.16,425.3 1 0
gv-api/internal/tasks/repository.go:428.2,434.31 4 0
gv-api/internal/tasks/repository.go:434.31,436.14 2 0
gv-api/internal/tasks/repository.go:436.14,440.4 3 0
gv-api/internal/tasks/repository.go:441.3,441.24 1 0
gv-api/internal/tasks/repository.go:441.24,448.4 1 0
gv-api/internal/tasks/repository.go:452.2,455.31 3 0
gv-api/internal/tasks/repository.go:455.31,457.30 2 0
gv-api/internal/tasks/repository.go:457.30,459.4 1 0
gv-api/internal/tasks/repository.go:461.3,473.30 2 0
gv-api/internal/tasks/repository.go:473.30,475.4 1 0
gv-api/internal/tasks/repository.go:479.2,485.32 3 0
gv-api/internal/tasks/repository.go:485.32,487.3 1 0
gv-api/internal/tasks/repository.go:490.2,492.78 3 0
gv-api/internal/tasks/repository.go:492.78,494.3 1 0
gv-api/internal/tasks/repository.go:497.2,498.27 2 0
gv-api/internal/tasks/repository.go:498.27,500.24 2 0
gv-api/internal/tasks/repository.go:500.24,501.48 1 0
gv-api/internal/tasks/repository.go:501.48,503.5 1 0
gv-api/internal/tasks/repository.go:508.2,522.36 4 0
gv-api/internal/tasks/repository.go:522.36,523.52 1 0
gv-api/internal/tasks/repository.go:523.52,535.4 1 0
gv-api/internal/tasks/repository.go:537.2,539.21 2 0
gv-api/internal/tasks/repository.go:539.21,541.3 1 0
gv-api/internal/tasks/repository.go:543.2,546.8 1 0
gv-api/internal/tasks/repository.go:549.117,551.16 2 0
gv-api/internal/tasks/repository.go:551.16,553.3 1 0
gv-api/internal/tasks/repository.go:555.2,555.20 1 0
gv-api/internal/tasks/repository.go:555.20,557.3 1 0
gv-api/internal/tasks/repository.go:559.2,562.27 3 0
gv-api/internal/tasks/repository.go:562.27,563.29 1 0
gv-api/internal/tasks/repository.go:563.29,564.12 1 0
gv-api/internal/tasks/repository.go:566.3,572.5 1 0
gv-api/internal/tasks/repository.go:575.2,575.20 1 0
gv-api/internal/tasks/repository.go:575.20,577.3 1 0
gv-api/internal/tasks/repository.go:579.2,591.8 1 0
gv-api/internal/tasks/repository.go:594.102,596.16 2 0
gv-api/internal/tasks/repository.go:596.16,598.3 1 0
gv-api/internal/tasks/repository.go:600.2,601.27 2 0
gv-api/internal/tasks/repository.go:601.27,613.3 1 0
gv-api/internal/tasks/repository.go:614.2,614.19 1 0
gv-api/internal/tasks/repository.go:617.99,619.2 1 0
gv-api/internal/tasks/repository.go:621.99,623.2 1 0
gv-api/internal/tasks/repository.go:625.81,627.2 1 0
gv-api/internal/tasks/repository.go:629.78,631.2 1 0
gv-api/internal/tasks/repository.go:633.78,635.2 1 0
gv-api/internal/tasks/repository.go:637.83,639.2 1 0
gv-api/internal/tasks/repository.go:641.97,643.16 2 0
gv-api/internal/tasks/repository.go:643.16,644.36 1 0
gv-api/internal/tasks/repository.go:644.36,646.4 1 0
gv-api/internal/tasks/repository.go:647.3,647.34 1 0
gv-api/internal/tasks/repository.go:650.2,656.8 1 0
gv-api/internal/tasks/repository.go:659.138,664.16 2 0
gv-api/internal/tasks/repository.go:664.16,666.3 1 0
gv-api/internal/tasks/repository.go:668.2,671.8 1 0
gv-api/internal/tasks/repository.go:674.94,676.16 2 0
gv-api/internal/tasks/repository.go:676.16,678.3 1 0
gv-api/internal/tasks/repository.go:680.2,681.27 2 0
gv-api/internal/tasks/repository.go:681.27,689.3 1 0
gv-api/internal/tasks/repository.go:691.2,691.22 1 0
gv-api/internal/tasks/service.go:13.63,14.16 1 1
gv-api/internal/tasks/service.go:14.16,16.3 1 1
gv-api/internal/tasks/service.go:17.2,17.44 1 1
gv-api/internal/tasks/service.go:20.105,22.2 1 0
gv-api/internal/tasks/service.go:24.96,26.2 1 0
gv-api/internal/tasks/service.go:28.96,30.2 1 0
gv-api/internal/tasks/service.go:32.111,34.2 1 0
gv-api/internal/tasks/service.go:36.105,38.16 2 1
gv-api/internal/tasks/service.go:38.16,40.3 1 1
gv-api/internal/tasks/service.go:42.2,42.27 1 1
gv-api/internal/tasks/service.go:42.27,43.70 1 1
gv-api/internal/tasks/service.go:43.70,45.4 1 1
gv-api/internal/tasks/service.go:46.3,46.70 1 1
gv-api/internal/tasks/service.go:46.70,48.4 1 0
gv-api/internal/tasks/service.go:51.2,51.18 1 1
gv-api/internal/tasks/service.go:54.96,56.2 1 0
gv-api/internal/tasks/service.go:58.96,60.2 1 0
gv-api/internal/tasks/service.go:62.111,64.2 1 0
gv-api/internal/tasks/service.go:66.80,68.16 2 1
gv-api/internal/tasks/service.go:68.16,70.3 1 1
gv-api/internal/tasks/service.go:72.2,73.16 2 1
gv-api/internal/tasks/service.go:73.16,75.3 1 1
gv-api/internal/tasks/service.go:78.2,79.29 2 1
gv-api/internal/tasks/service.go:79.29,87.3 1 1
gv-api/internal/tasks/service.go:90.2,95.26 5 1
gv-api/internal/tasks/service.go:95.26,105.25 2 1
gv-api/internal/tasks/service.go:105.25,106.47 1 1
gv-api/internal/tasks/service.go:106.47,107.18 1 1
gv-api/internal/tasks/service.go:107.18,109.6 1 1
gv-api/internal/tasks/service.go:109.11,111.6 1 1
gv-api/internal/tasks/service.go:113.4,113.12 1 1
gv-api/internal/tasks/service.go:115.3,115.16 1 1
gv-api/internal/tasks/service.go:115.16,117.4 1 1
gv-api/internal/tasks/service.go:117.9,119.4 1 1
gv-api/internal/tasks/service.go:123.2,123.37 1 1
gv-api/internal/tasks/service.go:123.37,126.3 2 1
gv-api/internal/tasks/service.go:129.2,130.29 2 1
gv-api/internal/tasks/service.go:130.29,131.24 1 1
gv-api/internal/tasks/service.go:131.24,132.51 1 1
gv-api/internal/tasks/service.go:132.51,135.5 2 1
gv-api/internal/tasks/service.go:140.2,141.29 2 1
gv-api/internal/tasks/service.go:141.29,142.29 1 1
gv-api/internal/tasks/service.go:142.29,144.4 1 1
gv-api/internal/tasks/service.go:146.2,149.17 3 1
gv-api/internal/tasks/service.go:149.17,151.3 1 1
gv-api/internal/tasks/service.go:153.2,153.18 1 1
gv-api/internal/tasks/service.go:156.92,158.2 1 0
gv-api/internal/tasks/service.go:160.84,162.2 1 0
gv-api/internal/tasks/service.go:164.109,166.2 1 0
gv-api/internal/tasks/service.go:168.106,170.2 1 0
gv-api/internal/tasks/service.go:172.91,174.2 1 0
gv-api/internal/tasks/service.go:176.86,178.2 1 0
gv-api/internal/tasks/service.go:180.94,190.2 6 0
gv-api/internal/tasks/service.go:192.83,194.2 1 0
gv-api/internal/tasks/service.go:196.70,198.2 1 0
gv-api/internal/tasks/service.go:200.67,202.2 1 0
gv-api/internal/tasks/service.go:204.67,206.2 1 0
gv-api/internal/tasks/service.go:208.72,210.2 1 0
gv-api/internal/habits/handler.go:27.46,29.2 1 1
gv-api/internal/habits/handler.go:32.68,36.16 3 1
gv-api/internal/habits/handler.go:36.16,39.3 2 1
gv-api/internal/habits/handler.go:41.2,41.41 1 1
gv-api/internal/habits/handler.go:45.69,47.61 2 1
gv-api/internal/habits/handler.go:47.61,50.3 2 1
gv-api/internal/habits/handler.go:52.2,52.61 1 1
gv-api/internal/habits/handler.go:52.61,55.3 2 1
gv-api/internal/habits/handler.go:57.2,57.68 1 1
gv-api/internal/habits/handler.go:61.71,64.16 3 1
gv-api/internal/habits/handler.go:64.16,67.3 2 1
gv-api/internal/habits/handler.go:69.2,69.70 1 1
gv-api/internal/habits/handler.go:69.70,72.3 2 1
gv-api/internal/habits/handler.go:74.2,74.37 1 1
gv-api/internal/habits/handler.go:78.70,81.16 3 1
gv-api/internal/habits/handler.go:81.16,84.3 2 1
gv-api/internal/habits/handler.go:86.2,87.21 2 1
gv-api/internal/habits/handler.go:87.21,89.24 2 1
gv-api/internal/habits/handler.go:89.24,92.4 2 1
gv-api/internal/habits/handler.go:95.2,99.16 4 1
gv-api/internal/habits/handler.go:99.16,102.3 2 0
gv-api/internal/habits/handler.go:104.2,104.42 1 1
gv-api/internal/habits/handler.go:108.71,110.61 2 1
gv-api/internal/habits/handler.go:110.61,113.3 2 1
gv-api/internal/habits/handler.go:115.2,115.20 1 1
gv-api/internal/habits/handler.go:115.20,118.3 2 1
gv-api/internal/habits/handler.go:120.2,120.26 1 1
gv-api/internal/habits/handler.go:120.26,122.29 2 1
gv-api/internal/habits/handler.go:122.29,125.4 2 1
gv-api/internal/habits/handler.go:128.2,128.48 1 1
gv-api/internal/habits/handler.go:128.48,131.3 2 1
gv-api/internal/habits/handler.go:133.2,133.48 1 1
gv-api/internal/habits/handler.go:133.48,136.3 2 1
gv-api/internal/habits/handler.go:138.2,138.85 1 1
gv-api/internal/habits/handler.go:138.85,141.3 2 1
gv-api/internal/habits/handler.go:143.2,144.16 2 1
gv-api/internal/habits/handler.go:144.16,147.3 2 1
gv-api/internal/habits/handler.go:149.2,149.45 1 1
gv-api/internal/habits/period.go:10.62,11.19 1 1
gv-api/internal/habits/period.go:12.16,15.37 3 1
gv-api/internal/habits/period.go:16.17,17.78 1 1
gv-api/internal/habits/period.go:18.10,19.14 1 1
gv-api/internal/habits/period.go:24.71,25.19 1 1
gv-api/internal/habits/period.go:26.16,27.33 1 1
gv-api/internal/habits/period.go:28.17,29.33 1 1
gv-api/internal/habits/period.go:30.10,31.33 1 1
gv-api/internal/habits/period.go:36.67,37.19 1 1
gv-api/internal/habits/period.go:38.16,39.32 1 1
gv-api/internal/habits/period.go:40.17,41.32 1 1
gv-api/internal/habits/period.go:42.10,43.32 1 1
gv-api/internal/habits/period.go:48.69,49.44 1 1
gv-api/internal/habits/period.go:49.44,51.3 1 1
gv-api/internal/habits/period.go:52.2,52.44 1 1
gv-api/internal/habits/period.go:52.44,54.3 1 1
gv-api/internal/habits/period.go:55.2,55.45 1 1
gv-api/internal/habits/period.go:59.90,61.27 2 1
gv-api/internal/habits/period.go:61.27,65.3 3 1
gv-api/internal/habits/period.go:66.2,66.13 1 1
gv-api/internal/habits/repository.go:26.60,28.2 1 0
gv-api/internal/habits/repository.go:30.109,32.16 2 0
gv-api/internal/habits/repository.go:32.16,34.3 1 0
gv-api/internal/habits/repository.go:36.2,37.27 2 0
gv-api/internal/habits/repository.go:37.27,53.3 2 0
gv-api/internal/habits/repository.go:54.2,54.21 1 0
gv-api/internal/habits/repository.go:57.113,64.2 2 0
gv-api/internal/habits/repository.go:66.79,68.2 1 0
gv-api/internal/habits/repository.go:70.199,79.16 2 0
gv-api/internal/habits/repository.go:79.16,81.3 1 0
gv-api/internal/habits/repository.go:82.2,92.8 1 0
gv-api/internal/habits/repository.go:95.108,97.2 1 0
gv-api/internal/habits/repository.go:99.108,101.2 1 0
gv-api/internal/habits/repository.go:103.121,109.2 1 0
gv-api/internal/habits/repository.go:111.150,118.16 2 0
gv-api/internal/habits/repository.go:118.16,120.3 1 0
gv-api/internal/habits/repository.go:122.2,123.27 2 0
gv-api/internal/habits/repository.go:123.27,128.3 1 0
gv-api/internal/habits/repository.go:129.2,129.21 1 0
gv-api/internal/habits/repository.go:132.153,139.16 2 0
gv-api/internal/habits/repository.go:139.16,141.3 1 0
gv-api/internal/habits/repository.go:143.2,144.27 2 0
gv-api/internal/habits/repository.go:144.27,149.3 1 0
gv-api/internal/habits/repository.go:150.2,150.21 1 0
gv-api/internal/habits/service.go:17.63,18.16 1 1
gv-api/internal/habits/service.go:18.16,20.3 1 0
gv-api/internal/habits/service.go:21.2,21.44 1 1
gv-api/internal/habits/service.go:24.93,27.19 2 1
gv-api/internal/habits/service.go:27.19,29.17 2 1
gv-api/internal/habits/service.go:29.17,31.4 1 1
gv-api/internal/habits/service.go:32.3,32.22 1 1
gv-api/internal/habits/service.go:35.2,37.50 2 1
gv-api/internal/habits/service.go:40.77,42.16 2 1
gv-api/internal/habits/service.go:42.16,44.3 1 1
gv-api/internal/habits/service.go:45.2,45.76 1 1
gv-api/internal/habits/service.go:45.76,47.3 1 1
gv-api/internal/habits/service.go:48.2,48.46 1 1
gv-api/internal/habits/service.go:51.105,53.50 2 1
gv-api/internal/habits/service.go:53.50,55.3 1 1
gv-api/internal/habits/service.go:56.2,56.77 1 1
gv-api/internal/habits/service.go:56.77,58.3 1 1
gv-api/internal/habits/service.go:60.2,61.34 2 1
gv-api/internal/habits/service.go:61.34,63.3 1 0
gv-api/internal/habits/service.go:65.2,65.119 1 1
gv-api/internal/habits/service.go:68.68,70.2 1 0
gv-api/internal/habits/service.go:86.68,87.19 1 1
gv-api/internal/habits/service.go:88.16,89.36 1 1
gv-api/internal/habits/service.go:90.17,91.33 1 1
gv-api/internal/habits/service.go:92.10,93.33 1 1
gv-api/internal/habits/service.go:97.125,99.16 2 1
gv-api/internal/habits/service.go:99.16,101.3 1 0
gv-api/internal/habits/service.go:103.2,103.21 1 1
gv-api/internal/habits/service.go:103.21,105.3 1 1
gv-api/internal/habits/service.go:107.2,108.9 2 1
gv-api/internal/habits/service.go:108.9,110.3 1 1
gv-api/internal/habits/service.go:112.2,116.17 4 1
gv-api/internal/habits/service.go:116.17,118.17 2 1
gv-api/internal/habits/service.go:118.17,120.4 1 1
gv-api/internal/habits/service.go:121.3,121.15 1 1
gv-api/internal/habits/service.go:124.2,125.19 2 1
gv-api/internal/habits/service.go:125.19,127.17 2 1
gv-api/internal/habits/service.go:127.17,129.4 1 1
gv-api/internal/habits/service.go:130.3,130.17 1 1
gv-api/internal/habits/service.go:134.2,135.63 2 1
gv-api/internal/habits/service.go:135.63,137.3 1 1
gv-api/internal/habits/service.go:137.8,139.3 1 1
gv-api/internal/habits/service.go:140.2,140.16 1 1
gv-api/internal/habits/service.go:140.16,142.3 1 0
gv-api/internal/habits/service.go:144.2,144.29 1 1
gv-api/internal/habits/service.go:144.29,146.3 1 1
gv-api/internal/habits/service.go:148.2,152.8 1 1
gv-api/internal/habits/service.go:156.101,158.25 2 1
gv-api/internal/habits/service.go:158.25,160.3 1 1
gv-api/internal/habits/service.go:162.2,165.23 4 1
gv-api/internal/habits/service.go:165.23,167.33 2 1
gv-api/internal/habits/service.go:167.33,169.4 1 1
gv-api/internal/habits/service.go:169.9,171.4 1 1
gv-api/internal/habits/service.go:172.3,172.38 1 1
gv-api/internal/habits/service.go:174.2,174.15 1 1
gv-api/internal/habits/service.go:177.79,179.16 2 1
gv-api/internal/habits/service.go:179.16,181.3 1 0
gv-api/internal/habits/service.go:184.2,184.54 1 1
gv-api/internal/habits/service.go:184.54,186.3 1 1
gv-api/internal/habits/service.go:188.2,189.16 2 1
gv-api/internal/habits/service.go:189.16,191.3 1 0
gv-api/internal/habits/service.go:193.2,202.6 7 1
gv-api/internal/habits/service.go:202.6,204.70 2 1
gv-api/internal/habits/service.go:204.70,207.12 3 1
gv-api/internal/habits/service.go:210.3,210.34 1 1
gv-api/internal/habits/service.go:210.34,212.12 2 1
gv-api/internal/habits/service.go:215.3,215.8 1 1
gv-api/internal/habits/service.go:218.2,220.77 2 1
gv-api/internal/habits/service.go:224.146,225.23 1 1
gv-api/internal/habits/service.go:225.23,227.3 1 1
gv-api/internal/habits/service.go:229.2,229.20 1 1
gv-api/internal/habits/service.go:229.20,231.3 1 0
gv-api/internal/habits/service.go:234.2,236.41 3 1
gv-api/internal/habits/service.go:236.41,238.3 1 1
gv-api/internal/habits/service.go:241.2,242.29 2 1
gv-api/internal/habits/service.go:242.29,245.3 2 1
gv-api/internal/habits/service.go:247.2,254.61 6 1
gv-api/internal/habits/service.go:254.61,255.35 1 1
gv-api/internal/habits/service.go:255.35,257.4 1 1
gv-api/internal/habits/service.go:258.3,259.33 2 1
gv-api/internal/habits/service.go:262.2,262.22 1 1
gv-api/internal/habits/service.go:266.116,268.34 2 1
gv-api/internal/habits/service.go:268.34,269.45 1 1
gv-api/internal/habits/service.go:269.45,271.4 1 1
gv-api/internal/habits/service.go:273.2,273.26 1 1
gv-api/internal/habits/service.go:273.26,275.3 1 0
gv-api/internal/habits/service.go:277.2,277.45 1 1
gv-api/internal/habits/service.go:277.45,279.3 1 1
gv-api/internal/habits/service.go:281.2,283.39 3 1
gv-api/internal/habits/service.go:283.39,285.36 2 1
gv-api/internal/habits/service.go:285.36,287.4 1 1
gv-api/internal/habits/service.go:287.9,289.4 1 1
gv-api/internal/habits/service.go:290.3,290.24 1 1
gv-api/internal/habits/service.go:290.24,292.4 1 1
gv-api/internal/habits/service.go:294.2,294.16 1 1
