mode: set
gv-api/internal/response/response.go:10.56,13.56 3 1
gv-api/internal/response/response.go:13.56,15.3 1 0
gv-api/internal/response/response.go:18.63,20.2 1 1
gv-api/internal/habits/handler.go:21.46,23.2 1 1
gv-api/internal/habits/handler.go:26.68,30.16 3 1
gv-api/internal/habits/handler.go:30.16,33.3 2 1
gv-api/internal/habits/handler.go:35.2,35.41 1 1
gv-api/internal/habits/handler.go:39.69,41.61 2 1
gv-api/internal/habits/handler.go:41.61,44.3 2 1
gv-api/internal/habits/handler.go:46.2,46.61 1 1
gv-api/internal/habits/handler.go:46.61,49.3 2 1
gv-api/internal/habits/handler.go:51.2,51.68 1 1
gv-api/internal/habits/handler.go:55.71,57.61 2 1
gv-api/internal/habits/handler.go:57.61,60.3 2 1
gv-api/internal/habits/handler.go:62.2,62.20 1 1
gv-api/internal/habits/handler.go:62.20,65.3 2 1
gv-api/internal/habits/handler.go:67.2,68.16 2 1
gv-api/internal/habits/handler.go:68.16,71.3 2 1
gv-api/internal/habits/handler.go:73.2,73.45 1 1
gv-api/internal/habits/repository.go:20.60,22.2 1 1
gv-api/internal/habits/repository.go:24.109,26.16 2 1
gv-api/internal/habits/repository.go:26.16,28.3 1 1
gv-api/internal/habits/repository.go:30.2,31.27 2 1
gv-api/internal/habits/repository.go:31.27,40.3 2 1
gv-api/internal/habits/repository.go:41.2,41.21 1 1
gv-api/internal/habits/repository.go:44.113,51.2 2 1
gv-api/internal/habits/repository.go:53.126,58.16 2 1
gv-api/internal/habits/repository.go:58.16,60.3 1 1
gv-api/internal/habits/repository.go:61.2,65.8 1 1
gv-api/internal/habits/service.go:13.63,14.16 1 1
gv-api/internal/habits/service.go:14.16,16.3 1 1
gv-api/internal/habits/service.go:17.2,17.44 1 1
gv-api/internal/habits/service.go:20.93,23.19 2 1
gv-api/internal/habits/service.go:23.19,25.17 2 1
gv-api/internal/habits/service.go:25.17,27.4 1 1
gv-api/internal/habits/service.go:28.3,28.22 1 1
gv-api/internal/habits/service.go:31.2,33.50 2 1
gv-api/internal/habits/service.go:36.77,38.16 2 1
gv-api/internal/habits/service.go:38.16,40.3 1 1
gv-api/internal/habits/service.go:41.2,41.60 1 1
gv-api/internal/habits/service.go:44.105,46.2 1 1
gv-api/internal/auth/handler.go:19.48,21.2 1 1
gv-api/internal/auth/handler.go:23.65,27.61 2 1
gv-api/internal/auth/handler.go:27.61,30.3 2 1
gv-api/internal/auth/handler.go:32.2,33.16 2 1
gv-api/internal/auth/handler.go:33.16,36.3 2 1
gv-api/internal/auth/handler.go:38.2,38.68 1 1
gv-api/internal/auth/handler.go:41.68,46.61 2 1
gv-api/internal/auth/handler.go:46.61,49.3 2 1
gv-api/internal/auth/handler.go:51.2,52.16 2 1
gv-api/internal/auth/handler.go:52.16,55.3 2 1
gv-api/internal/auth/handler.go:57.2,57.68 1 1
gv-api/internal/auth/middleware.go:18.60,20.2 1 1
gv-api/internal/auth/middleware.go:22.61,23.71 1 1
gv-api/internal/auth/middleware.go:23.71,25.23 2 1
gv-api/internal/auth/middleware.go:25.23,28.4 2 1
gv-api/internal/auth/middleware.go:30.3,31.26 2 1
gv-api/internal/auth/middleware.go:31.26,34.4 2 0
gv-api/internal/auth/middleware.go:36.3,37.17 2 1
gv-api/internal/auth/middleware.go:37.17,40.4 2 1
gv-api/internal/auth/middleware.go:42.3,42.23 1 1
gv-api/internal/auth/service.go:31.69,32.20 1 1
gv-api/internal/auth/service.go:32.20,34.3 1 1
gv-api/internal/auth/service.go:35.2,38.3 1 1
gv-api/internal/auth/service.go:41.90,51.2 3 1
gv-api/internal/auth/service.go:53.58,54.32 1 1
gv-api/internal/auth/service.go:54.32,56.3 1 1
gv-api/internal/auth/service.go:57.2,57.46 1 1
gv-api/internal/auth/service.go:60.65,62.94 2 1
gv-api/internal/auth/service.go:62.94,63.58 1 1
gv-api/internal/auth/service.go:63.58,65.4 1 0
gv-api/internal/auth/service.go:66.3,66.38 1 1
gv-api/internal/auth/service.go:69.2,69.32 1 1
gv-api/internal/auth/service.go:69.32,71.3 1 1
gv-api/internal/auth/service.go:73.2,73.25 1 1
gv-api/internal/auth/service.go:73.25,75.3 1 0
gv-api/internal/auth/service.go:77.2,77.12 1 1
gv-api/internal/auth/service.go:80.70,82.16 2 1
gv-api/internal/auth/service.go:82.16,84.3 1 1
gv-api/internal/auth/service.go:86.2,87.12 2 1
gv-api/internal/auth/service.go:87.12,89.3 1 1
gv-api/internal/auth/service.go:91.2,91.49 1 1
gv-api/cmd/api/main.go:22.13,24.16 2 0
gv-api/cmd/api/main.go:24.16,26.3 1 0
gv-api/cmd/api/main.go:28.2,28.69 1 0
gv-api/cmd/api/main.go:28.69,30.3 1 0
gv-api/cmd/api/main.go:32.2,33.16 2 0
gv-api/cmd/api/main.go:33.16,35.3 1 0
gv-api/cmd/api/main.go:38.2,41.16 3 0
gv-api/cmd/api/main.go:41.16,43.3 1 0
gv-api/cmd/api/main.go:46.2,74.29 16 0
gv-api/cmd/api/main.go:74.29,94.3 19 0
gv-api/cmd/api/main.go:96.2,97.49 2 0
gv-api/internal/database/db.go:12.79,14.16 2 0
gv-api/internal/database/db.go:14.16,16.3 1 0
gv-api/internal/database/db.go:18.2,23.16 5 0
gv-api/internal/database/db.go:23.16,25.3 1 0
gv-api/internal/database/db.go:27.2,27.39 1 0
gv-api/internal/database/db.go:27.39,29.3 1 0
gv-api/internal/database/db.go:31.2,31.18 1 0
gv-api/internal/database/migrate.go:11.50,13.16 2 0
gv-api/internal/database/migrate.go:13.16,15.3 1 0
gv-api/internal/database/migrate.go:16.2,16.61 1 0
gv-api/internal/database/migrate.go:16.61,18.3 1 0
gv-api/internal/database/migrate.go:19.2,19.12 1 0
gv-api/internal/config/config.go:15.30,24.2 1 0
gv-api/internal/config/config.go:26.42,27.48 1 0
gv-api/internal/config/config.go:27.48,29.3 1 0
gv-api/internal/config/config.go:30.2,30.17 1 0
gv-api/internal/tasks/handler.go:38.46,40.2 1 1
gv-api/internal/tasks/handler.go:42.66,45.16 3 1
gv-api/internal/tasks/handler.go:45.16,47.3 1 1
gv-api/internal/tasks/handler.go:48.2,48.23 1 1
gv-api/internal/tasks/handler.go:51.73,53.61 2 1
gv-api/internal/tasks/handler.go:53.61,56.3 2 1
gv-api/internal/tasks/handler.go:58.2,58.20 1 1
gv-api/internal/tasks/handler.go:58.20,61.3 2 1
gv-api/internal/tasks/handler.go:63.2,64.16 2 1
gv-api/internal/tasks/handler.go:64.16,67.3 2 1
gv-api/internal/tasks/handler.go:69.2,69.47 1 1
gv-api/internal/tasks/handler.go:72.70,74.61 2 1
gv-api/internal/tasks/handler.go:74.61,77.3 2 1
gv-api/internal/tasks/handler.go:79.2,79.20 1 1
gv-api/internal/tasks/handler.go:79.20,82.3 2 1
gv-api/internal/tasks/handler.go:84.2,85.16 2 1
gv-api/internal/tasks/handler.go:85.16,88.3 2 1
gv-api/internal/tasks/handler.go:90.2,90.44 1 1
gv-api/internal/tasks/handler.go:93.70,95.61 2 1
gv-api/internal/tasks/handler.go:95.61,98.3 2 1
gv-api/internal/tasks/handler.go:100.2,100.21 1 1
gv-api/internal/tasks/handler.go:100.21,103.3 2 1
gv-api/internal/tasks/handler.go:105.2,105.20 1 1
gv-api/internal/tasks/handler.go:105.20,108.3 2 1
gv-api/internal/tasks/handler.go:110.2,111.16 2 1
gv-api/internal/tasks/handler.go:111.16,114.3 2 1
gv-api/internal/tasks/handler.go:116.2,116.44 1 1
gv-api/internal/tasks/handler.go:119.75,121.61 2 1
gv-api/internal/tasks/handler.go:121.61,124.3 2 1
gv-api/internal/tasks/handler.go:126.2,126.21 1 1
gv-api/internal/tasks/handler.go:126.21,129.3 2 1
gv-api/internal/tasks/handler.go:131.2,131.28 1 1
gv-api/internal/tasks/handler.go:131.28,134.3 2 1
gv-api/internal/tasks/handler.go:136.2,137.16 2 1
gv-api/internal/tasks/handler.go:137.16,140.3 2 1
gv-api/internal/tasks/handler.go:142.2,142.45 1 1
gv-api/internal/tasks/handler.go:145.73,147.16 2 1
gv-api/internal/tasks/handler.go:147.16,150.3 2 1
gv-api/internal/tasks/handler.go:152.2,153.61 2 1
gv-api/internal/tasks/handler.go:153.61,156.3 2 1
gv-api/internal/tasks/handler.go:157.2,160.16 3 1
gv-api/internal/tasks/handler.go:160.16,161.34 1 1
gv-api/internal/tasks/handler.go:161.34,164.4 2 1
gv-api/internal/tasks/handler.go:165.3,166.9 2 1
gv-api/internal/tasks/handler.go:169.2,169.42 1 1
gv-api/internal/tasks/handler.go:172.70,174.16 2 1
gv-api/internal/tasks/handler.go:174.16,177.3 2 1
gv-api/internal/tasks/handler.go:179.2,180.61 2 1
gv-api/internal/tasks/handler.go:180.61,183.3 2 0
gv-api/internal/tasks/handler.go:184.2,187.16 3 1
gv-api/internal/tasks/handler.go:187.16,188.34 1 1
gv-api/internal/tasks/handler.go:188.34,191.4 2 1
gv-api/internal/tasks/handler.go:192.3,193.9 2 1
gv-api/internal/tasks/handler.go:196.2,196.39 1 1
gv-api/internal/tasks/handler.go:199.70,201.16 2 1
gv-api/internal/tasks/handler.go:201.16,204.3 2 1
gv-api/internal/tasks/handler.go:206.2,207.61 2 1
gv-api/internal/tasks/handler.go:207.61,210.3 2 0
gv-api/internal/tasks/handler.go:211.2,214.16 3 1
gv-api/internal/tasks/handler.go:214.16,215.34 1 1
gv-api/internal/tasks/handler.go:215.34,218.4 2 1
gv-api/internal/tasks/handler.go:219.3,220.9 2 1
gv-api/internal/tasks/handler.go:223.2,223.39 1 1
gv-api/internal/tasks/handler.go:226.75,228.16 2 1
gv-api/internal/tasks/handler.go:228.16,231.3 2 1
gv-api/internal/tasks/handler.go:233.2,234.61 2 1
gv-api/internal/tasks/handler.go:234.61,237.3 2 0
gv-api/internal/tasks/handler.go:238.2,241.16 3 1
gv-api/internal/tasks/handler.go:241.16,242.34 1 1
gv-api/internal/tasks/handler.go:242.34,245.4 2 1
gv-api/internal/tasks/handler.go:246.3,247.9 2 1
gv-api/internal/tasks/handler.go:250.2,250.40 1 1
gv-api/internal/tasks/handler.go:253.73,255.16 2 1
gv-api/internal/tasks/handler.go:255.16,258.3 2 1
gv-api/internal/tasks/handler.go:260.2,260.39 1 1
gv-api/internal/tasks/handler.go:263.78,265.16 2 1
gv-api/internal/tasks/handler.go:265.16,268.3 2 1
gv-api/internal/tasks/handler.go:270.2,271.16 2 1
gv-api/internal/tasks/handler.go:271.16,272.34 1 1
gv-api/internal/tasks/handler.go:272.34,275.4 2 1
gv-api/internal/tasks/handler.go:276.3,277.9 2 1
gv-api/internal/tasks/handler.go:280.2,280.41 1 1
gv-api/internal/tasks/handler.go:283.70,285.16 2 1
gv-api/internal/tasks/handler.go:285.16,288.3 2 1
gv-api/internal/tasks/handler.go:290.2,291.16 2 1
gv-api/internal/tasks/handler.go:291.16,292.34 1 1
gv-api/internal/tasks/handler.go:292.34,295.4 2 1
gv-api/internal/tasks/handler.go:296.3,297.9 2 1
gv-api/internal/tasks/handler.go:300.2,300.41 1 1
gv-api/internal/tasks/handler.go:303.67,305.16 2 1
gv-api/internal/tasks/handler.go:305.16,308.3 2 1
gv-api/internal/tasks/handler.go:310.2,311.16 2 1
gv-api/internal/tasks/handler.go:311.16,312.34 1 1
gv-api/internal/tasks/handler.go:312.34,315.4 2 1
gv-api/internal/tasks/handler.go:316.3,317.9 2 1
gv-api/internal/tasks/handler.go:320.2,320.41 1 1
gv-api/internal/tasks/handler.go:323.78,325.16 2 1
gv-api/internal/tasks/handler.go:325.16,328.3 2 1
gv-api/internal/tasks/handler.go:330.2,331.16 2 1
gv-api/internal/tasks/handler.go:331.16,332.34 1 1
gv-api/internal/tasks/handler.go:332.34,335.4 2 1
gv-api/internal/tasks/handler.go:336.3,337.9 2 1
gv-api/internal/tasks/handler.go:340.2,340.41 1 1
gv-api/internal/tasks/handler.go:343.77,345.16 2 1
gv-api/internal/tasks/handler.go:345.16,348.3 2 1
gv-api/internal/tasks/handler.go:349.2,349.40 1 1
gv-api/internal/tasks/handler.go:352.75,354.16 2 1
gv-api/internal/tasks/handler.go:354.16,357.3 2 1
gv-api/internal/tasks/handler.go:359.2,359.43 1 1
gv-api/internal/tasks/repository.go:41.59,43.2 1 1
gv-api/internal/tasks/repository.go:45.55,46.14 1 1
gv-api/internal/tasks/repository.go:46.14,49.3 2 1
gv-api/internal/tasks/repository.go:50.2,50.12 1 1
gv-api/internal/tasks/repository.go:53.44,54.13 1 1
gv-api/internal/tasks/repository.go:54.13,57.3 2 1
gv-api/internal/tasks/repository.go:58.2,58.12 1 1
gv-api/internal/tasks/repository.go:61.159,63.18 2 1
gv-api/internal/tasks/repository.go:63.18,65.3 1 1
gv-api/internal/tasks/repository.go:67.2,73.16 2 1
gv-api/internal/tasks/repository.go:73.16,75.3 1 1
gv-api/internal/tasks/repository.go:77.2,83.8 1 1
gv-api/internal/tasks/repository.go:86.154,88.18 2 1
gv-api/internal/tasks/repository.go:88.18,90.3 1 1
gv-api/internal/tasks/repository.go:92.2,98.16 2 1
gv-api/internal/tasks/repository.go:98.16,100.3 1 1
gv-api/internal/tasks/repository.go:102.2,108.8 1 1
gv-api/internal/tasks/repository.go:111.111,116.16 2 1
gv-api/internal/tasks/repository.go:116.16,118.3 1 1
gv-api/internal/tasks/repository.go:120.2,124.8 1 1
gv-api/internal/tasks/repository.go:127.116,129.21 2 1
gv-api/internal/tasks/repository.go:129.21,132.3 2 1
gv-api/internal/tasks/repository.go:133.2,133.28 1 1
gv-api/internal/tasks/repository.go:133.28,136.3 2 0
gv-api/internal/tasks/repository.go:137.2,137.22 1 1
gv-api/internal/tasks/repository.go:137.22,140.3 2 0
gv-api/internal/tasks/repository.go:141.2,141.25 1 1
gv-api/internal/tasks/repository.go:141.25,144.3 2 0
gv-api/internal/tasks/repository.go:145.2,145.26 1 1
gv-api/internal/tasks/repository.go:145.26,148.3 2 0
gv-api/internal/tasks/repository.go:149.2,149.27 1 1
gv-api/internal/tasks/repository.go:149.27,152.3 2 1
gv-api/internal/tasks/repository.go:154.2,155.16 2 1
gv-api/internal/tasks/repository.go:155.16,156.36 1 1
gv-api/internal/tasks/repository.go:156.36,158.4 1 1
gv-api/internal/tasks/repository.go:159.3,159.32 1 1
gv-api/internal/tasks/repository.go:162.2,170.8 1 1
gv-api/internal/tasks/repository.go:173.107,175.21 2 1
gv-api/internal/tasks/repository.go:175.21,178.3 2 0
gv-api/internal/tasks/repository.go:179.2,179.28 1 1
gv-api/internal/tasks/repository.go:179.28,182.3 2 0
gv-api/internal/tasks/repository.go:183.2,183.22 1 1
gv-api/internal/tasks/repository.go:183.22,186.3 2 0
gv-api/internal/tasks/repository.go:187.2,187.26 1 1
gv-api/internal/tasks/repository.go:187.26,190.3 2 0
gv-api/internal/tasks/repository.go:191.2,191.26 1 1
gv-api/internal/tasks/repository.go:191.26,194.3 2 0
gv-api/internal/tasks/repository.go:195.2,195.27 1 1
gv-api/internal/tasks/repository.go:195.27,198.3 2 1
gv-api/internal/tasks/repository.go:200.2,201.16 2 1
gv-api/internal/tasks/repository.go:201.16,202.36 1 1
gv-api/internal/tasks/repository.go:202.36,204.4 1 1
gv-api/internal/tasks/repository.go:205.3,205.29 1 1
gv-api/internal/tasks/repository.go:208.2,216.8 1 1
gv-api/internal/tasks/repository.go:219.107,221.21 2 1
gv-api/internal/tasks/repository.go:221.21,224.3 2 0
gv-api/internal/tasks/repository.go:225.2,225.23 1 1
gv-api/internal/tasks/repository.go:225.23,228.3 2 1
gv-api/internal/tasks/repository.go:230.2,231.16 2 1
gv-api/internal/tasks/repository.go:231.16,232.36 1 1
gv-api/internal/tasks/repository.go:232.36,234.4 1 1
gv-api/internal/tasks/repository.go:235.3,235.29 1 1
gv-api/internal/tasks/repository.go:238.2,243.8 1 1
gv-api/internal/tasks/repository.go:246.122,248.26 2 1
gv-api/internal/tasks/repository.go:248.26,251.3 2 0
gv-api/internal/tasks/repository.go:252.2,252.27 1 1
gv-api/internal/tasks/repository.go:252.27,255.3 2 1
gv-api/internal/tasks/repository.go:256.2,256.24 1 1
gv-api/internal/tasks/repository.go:256.24,259.3 2 0
gv-api/internal/tasks/repository.go:261.2,262.16 2 1
gv-api/internal/tasks/repository.go:262.16,263.36 1 1
gv-api/internal/tasks/repository.go:263.36,265.4 1 1
gv-api/internal/tasks/repository.go:266.3,266.34 1 1
gv-api/internal/tasks/repository.go:269.2,275.8 1 1
gv-api/internal/tasks/repository.go:278.169,282.23 3 1
gv-api/internal/tasks/repository.go:282.23,284.3 1 1
gv-api/internal/tasks/repository.go:286.2,292.16 2 1
gv-api/internal/tasks/repository.go:292.16,294.3 1 1
gv-api/internal/tasks/repository.go:296.2,302.8 1 1
gv-api/internal/tasks/repository.go:306.94,308.16 2 1
gv-api/internal/tasks/repository.go:308.16,310.3 1 1
gv-api/internal/tasks/repository.go:312.2,313.27 2 1
gv-api/internal/tasks/repository.go:313.27,320.3 1 1
gv-api/internal/tasks/repository.go:321.2,321.22 1 1
gv-api/internal/tasks/repository.go:324.96,326.16 2 1
gv-api/internal/tasks/repository.go:326.16,328.3 1 1
gv-api/internal/tasks/repository.go:330.2,331.27 2 1
gv-api/internal/tasks/repository.go:331.27,341.3 1 1
gv-api/internal/tasks/repository.go:342.2,342.19 1 1
gv-api/internal/tasks/repository.go:345.103,347.16 2 0
gv-api/internal/tasks/repository.go:347.16,349.3 1 0
gv-api/internal/tasks/repository.go:350.2,350.26 1 0
gv-api/internal/tasks/repository.go:353.95,355.16 2 0
gv-api/internal/tasks/repository.go:355.16,357.3 1 0
gv-api/internal/tasks/repository.go:358.2,358.20 1 0
gv-api/internal/tasks/repository.go:358.20,360.3 1 0
gv-api/internal/tasks/repository.go:362.2,364.27 3 0
gv-api/internal/tasks/repository.go:364.27,365.24 1 0
gv-api/internal/tasks/repository.go:365.24,372.4 1 0
gv-api/internal/tasks/repository.go:374.2,374.18 1 0
gv-api/internal/tasks/repository.go:374.18,376.3 1 0
gv-api/internal/tasks/repository.go:378.2,388.8 1 0
gv-api/internal/tasks/repository.go:391.120,393.16 2 1
gv-api/internal/tasks/repository.go:393.16,395.3 1 1
gv-api/internal/tasks/repository.go:396.2,396.27 1 1
gv-api/internal/tasks/repository.go:396.27,398.3 1 1
gv-api/internal/tasks/repository.go:401.2,402.32 2 1
gv-api/internal/tasks/repository.go:402.32,404.3 1 1
gv-api/internal/tasks/repository.go:406.2,407.16 2 1
gv-api/internal/tasks/repository.go:407.16,409.3 1 1
gv-api/internal/tasks/repository.go:412.2,418.31 4 1
gv-api/internal/tasks/repository.go:418.31,420.14 2 1
gv-api/internal/tasks/repository.go:420.14,424.4 3 1
gv-api/internal/tasks/repository.go:425.3,425.24 1 1
gv-api/internal/tasks/repository.go:425.24,432.4 1 1
gv-api/internal/tasks/repository.go:436.2,439.31 3 1
gv-api/internal/tasks/repository.go:439.31,441.30 2 1
gv-api/internal/tasks/repository.go:441.30,443.4 1 1
gv-api/internal/tasks/repository.go:445.3,457.30 2 1
gv-api/internal/tasks/repository.go:457.30,459.4 1 1
gv-api/internal/tasks/repository.go:463.2,469.32 3 1
gv-api/internal/tasks/repository.go:469.32,471.3 1 1
gv-api/internal/tasks/repository.go:474.2,476.78 3 1
gv-api/internal/tasks/repository.go:476.78,478.3 1 1
gv-api/internal/tasks/repository.go:481.2,482.27 2 1
gv-api/internal/tasks/repository.go:482.27,484.24 2 1
gv-api/internal/tasks/repository.go:484.24,485.48 1 1
gv-api/internal/tasks/repository.go:485.48,487.5 1 1
gv-api/internal/tasks/repository.go:492.2,506.36 4 1
gv-api/internal/tasks/repository.go:506.36,507.52 1 1
gv-api/internal/tasks/repository.go:507.52,519.4 1 1
gv-api/internal/tasks/repository.go:521.2,523.21 2 1
gv-api/internal/tasks/repository.go:523.21,525.3 1 1
gv-api/internal/tasks/repository.go:527.2,530.8 1 1
gv-api/internal/tasks/repository.go:533.117,535.16 2 1
gv-api/internal/tasks/repository.go:535.16,537.3 1 1
gv-api/internal/tasks/repository.go:539.2,539.20 1 1
gv-api/internal/tasks/repository.go:539.20,541.3 1 1
gv-api/internal/tasks/repository.go:543.2,546.27 3 1
gv-api/internal/tasks/repository.go:546.27,547.29 1 1
gv-api/internal/tasks/repository.go:547.29,548.12 1 1
gv-api/internal/tasks/repository.go:550.3,556.5 1 1
gv-api/internal/tasks/repository.go:559.2,559.20 1 1
gv-api/internal/tasks/repository.go:559.20,561.3 1 1
gv-api/internal/tasks/repository.go:563.2,575.8 1 1
gv-api/internal/tasks/repository.go:578.102,580.16 2 1
gv-api/internal/tasks/repository.go:580.16,582.3 1 1
gv-api/internal/tasks/repository.go:584.2,585.27 2 1
gv-api/internal/tasks/repository.go:585.27,597.3 1 1
gv-api/internal/tasks/repository.go:598.2,598.19 1 1
gv-api/internal/tasks/repository.go:601.94,603.16 2 1
gv-api/internal/tasks/repository.go:603.16,605.3 1 1
gv-api/internal/tasks/repository.go:607.2,608.27 2 1
gv-api/internal/tasks/repository.go:608.27,616.3 1 1
gv-api/internal/tasks/repository.go:618.2,618.22 1 1
gv-api/internal/tasks/service.go:13.63,14.16 1 1
gv-api/internal/tasks/service.go:14.16,16.3 1 1
gv-api/internal/tasks/service.go:17.2,17.44 1 1
gv-api/internal/tasks/service.go:20.105,22.2 1 1
gv-api/internal/tasks/service.go:24.96,26.2 1 1
gv-api/internal/tasks/service.go:28.96,30.2 1 1
gv-api/internal/tasks/service.go:32.111,34.2 1 1
gv-api/internal/tasks/service.go:36.105,38.2 1 1
gv-api/internal/tasks/service.go:40.96,42.2 1 1
gv-api/internal/tasks/service.go:44.96,46.2 1 1
gv-api/internal/tasks/service.go:48.111,50.2 1 1
gv-api/internal/tasks/service.go:52.80,54.16 2 1
gv-api/internal/tasks/service.go:54.16,56.3 1 1
gv-api/internal/tasks/service.go:58.2,59.16 2 1
gv-api/internal/tasks/service.go:59.16,61.3 1 1
gv-api/internal/tasks/service.go:64.2,65.29 2 1
gv-api/internal/tasks/service.go:65.29,73.3 1 1
gv-api/internal/tasks/service.go:76.2,81.26 5 1
gv-api/internal/tasks/service.go:81.26,91.25 2 1
gv-api/internal/tasks/service.go:91.25,92.47 1 1
gv-api/internal/tasks/service.go:92.47,93.18 1 1
gv-api/internal/tasks/service.go:93.18,95.6 1 1
gv-api/internal/tasks/service.go:95.11,97.6 1 1
gv-api/internal/tasks/service.go:98.5,98.13 1 1
gv-api/internal/tasks/service.go:101.3,101.16 1 1
gv-api/internal/tasks/service.go:101.16,103.4 1 1
gv-api/internal/tasks/service.go:103.9,105.4 1 1
gv-api/internal/tasks/service.go:109.2,109.37 1 1
gv-api/internal/tasks/service.go:109.37,112.3 2 1
gv-api/internal/tasks/service.go:115.2,116.29 2 1
gv-api/internal/tasks/service.go:116.29,117.24 1 1
gv-api/internal/tasks/service.go:117.24,118.51 1 1
gv-api/internal/tasks/service.go:118.51,121.5 2 1
gv-api/internal/tasks/service.go:126.2,127.29 2 1
gv-api/internal/tasks/service.go:127.29,128.29 1 1
gv-api/internal/tasks/service.go:128.29,130.4 1 1
gv-api/internal/tasks/service.go:132.2,135.17 3 1
gv-api/internal/tasks/service.go:135.17,137.3 1 1
gv-api/internal/tasks/service.go:139.2,139.18 1 1
gv-api/internal/tasks/service.go:142.92,144.2 1 0
gv-api/internal/tasks/service.go:146.84,148.2 1 0
gv-api/internal/tasks/service.go:150.109,152.2 1 1
gv-api/internal/tasks/service.go:154.106,156.2 1 1
gv-api/internal/tasks/service.go:158.91,160.2 1 1
gv-api/internal/tasks/service.go:162.83,164.2 1 1
gv-api/test/e2e/client.go:209.44,215.2 2 1
gv-api/test/e2e/client.go:217.44,219.2 1 1
gv-api/test/e2e/client.go:221.87,225.17 4 1
gv-api/test/e2e/client.go:225.17,227.3 1 1
gv-api/test/e2e/client.go:227.8,229.3 1 1
gv-api/test/e2e/client.go:230.2,230.16 1 1
gv-api/test/e2e/client.go:230.16,232.3 1 0
gv-api/test/e2e/client.go:233.2,233.17 1 1
gv-api/test/e2e/client.go:233.17,235.3 1 1
gv-api/test/e2e/client.go:236.2,236.19 1 1
gv-api/test/e2e/client.go:236.19,238.3 1 1
gv-api/test/e2e/client.go:239.2,240.16 2 1
gv-api/test/e2e/client.go:240.16,242.3 1 0
gv-api/test/e2e/client.go:243.2,243.13 1 1
gv-api/test/e2e/client.go:246.65,252.38 5 1
gv-api/test/e2e/client.go:252.38,254.3 1 0
gv-api/test/e2e/client.go:256.2,257.67 2 1
gv-api/test/e2e/client.go:257.67,259.3 1 0
gv-api/test/e2e/client.go:260.2,260.24 1 1
gv-api/test/e2e/client.go:263.74,269.38 5 1
gv-api/test/e2e/client.go:269.38,271.3 1 0
gv-api/test/e2e/client.go:273.2,274.67 2 1
gv-api/test/e2e/client.go:274.67,276.3 1 0
gv-api/test/e2e/client.go:277.2,277.24 1 1
gv-api/test/e2e/client.go:280.91,287.43 5 1
gv-api/test/e2e/client.go:287.43,289.3 1 0
gv-api/test/e2e/client.go:291.2,292.66 2 1
gv-api/test/e2e/client.go:292.66,294.3 1 0
gv-api/test/e2e/client.go:295.2,295.14 1 1
gv-api/test/e2e/client.go:298.60,305.38 5 1
gv-api/test/e2e/client.go:305.38,307.3 1 0
gv-api/test/e2e/client.go:310.76,317.67 5 1
gv-api/test/e2e/client.go:317.67,319.3 1 0
gv-api/test/e2e/client.go:320.2,320.15 1 1
gv-api/test/e2e/client.go:325.91,330.43 5 1
gv-api/test/e2e/client.go:330.43,332.3 1 0
gv-api/test/e2e/client.go:333.2,334.64 2 1
gv-api/test/e2e/client.go:334.64,336.3 1 0
gv-api/test/e2e/client.go:337.2,337.12 1 1
gv-api/test/e2e/client.go:340.69,344.38 4 1
gv-api/test/e2e/client.go:344.38,346.3 1 0
gv-api/test/e2e/client.go:347.2,348.64 2 1
gv-api/test/e2e/client.go:348.64,350.3 1 0
gv-api/test/e2e/client.go:351.2,351.12 1 1
gv-api/test/e2e/client.go:354.88,358.38 4 1
gv-api/test/e2e/client.go:358.38,360.3 1 0
gv-api/test/e2e/client.go:361.2,362.64 2 1
gv-api/test/e2e/client.go:362.64,364.3 1 0
gv-api/test/e2e/client.go:365.2,365.12 1 1
gv-api/test/e2e/client.go:368.101,373.38 5 1
gv-api/test/e2e/client.go:373.38,375.3 1 0
gv-api/test/e2e/client.go:376.2,377.64 2 1
gv-api/test/e2e/client.go:377.64,379.3 1 0
gv-api/test/e2e/client.go:380.2,380.12 1 1
gv-api/test/e2e/client.go:383.82,388.43 5 1
gv-api/test/e2e/client.go:388.43,390.3 1 0
gv-api/test/e2e/client.go:391.2,392.64 2 1
gv-api/test/e2e/client.go:392.64,394.3 1 0
gv-api/test/e2e/client.go:395.2,395.12 1 1
gv-api/test/e2e/client.go:398.88,402.38 4 1
gv-api/test/e2e/client.go:402.38,404.3 1 0
gv-api/test/e2e/client.go:405.2,406.64 2 1
gv-api/test/e2e/client.go:406.64,408.3 1 0
gv-api/test/e2e/client.go:409.2,409.12 1 1
gv-api/test/e2e/client.go:412.92,417.38 5 1
gv-api/test/e2e/client.go:417.38,419.3 1 0
gv-api/test/e2e/client.go:420.2,421.64 2 1
gv-api/test/e2e/client.go:421.64,423.3 1 0
gv-api/test/e2e/client.go:424.2,424.12 1 1
gv-api/test/e2e/client.go:427.82,432.43 5 1
gv-api/test/e2e/client.go:432.43,434.3 1 0
gv-api/test/e2e/client.go:435.2,436.64 2 1
gv-api/test/e2e/client.go:436.64,438.3 1 0
gv-api/test/e2e/client.go:439.2,439.12 1 1
gv-api/test/e2e/client.go:442.92,447.38 5 1
gv-api/test/e2e/client.go:447.38,449.3 1 0
gv-api/test/e2e/client.go:450.2,451.64 2 1
gv-api/test/e2e/client.go:451.64,453.3 1 0
gv-api/test/e2e/client.go:454.2,454.12 1 1
gv-api/test/e2e/client.go:457.97,462.43 5 1
gv-api/test/e2e/client.go:462.43,464.3 1 0
gv-api/test/e2e/client.go:465.2,466.64 2 1
gv-api/test/e2e/client.go:466.64,468.3 1 0
gv-api/test/e2e/client.go:469.2,469.12 1 1
gv-api/test/e2e/client.go:472.107,477.38 5 1
gv-api/test/e2e/client.go:477.38,479.3 1 0
gv-api/test/e2e/client.go:480.2,481.64 2 1
gv-api/test/e2e/client.go:481.64,483.3 1 0
gv-api/test/e2e/client.go:484.2,484.12 1 1
gv-api/test/e2e/client.go:487.66,491.38 4 1
gv-api/test/e2e/client.go:491.38,493.3 1 0
gv-api/test/e2e/client.go:494.2,495.64 2 1
gv-api/test/e2e/client.go:495.64,497.3 1 0
gv-api/test/e2e/client.go:498.2,498.12 1 1
gv-api/test/e2e/client.go:501.77,505.38 4 1
gv-api/test/e2e/client.go:505.38,507.3 1 0
gv-api/test/e2e/client.go:508.2,509.64 2 1
gv-api/test/e2e/client.go:509.64,511.3 1 0
gv-api/test/e2e/client.go:512.2,512.12 1 1
gv-api/test/e2e/client.go:515.78,519.38 4 0
gv-api/test/e2e/client.go:519.38,521.3 1 0
gv-api/test/e2e/client.go:522.2,523.64 2 0
gv-api/test/e2e/client.go:523.64,525.3 1 0
gv-api/test/e2e/client.go:526.2,526.12 1 0
gv-api/test/e2e/client.go:529.70,533.38 4 0
gv-api/test/e2e/client.go:533.38,535.3 1 0
gv-api/test/e2e/client.go:536.2,537.64 2 0
gv-api/test/e2e/client.go:537.64,539.3 1 0
gv-api/test/e2e/client.go:540.2,540.12 1 0
gv-api/test/e2e/setup.go:13.36,16.15 3 1
gv-api/test/e2e/setup.go:16.15,18.3 1 0
gv-api/test/e2e/setup.go:19.2,19.12 1 1
gv-api/test/e2e/setup.go:22.38,25.16 3 1
gv-api/test/e2e/setup.go:25.16,27.3 1 0
gv-api/test/e2e/setup.go:28.2,28.35 1 1
gv-api/test/e2e/setup.go:31.27,32.41 1 1
gv-api/test/e2e/setup.go:32.41,34.3 1 1
gv-api/test/e2e/setup.go:35.2,35.19 1 0
gv-api/test/e2e/setup.go:38.29,39.44 1 1
gv-api/test/e2e/setup.go:39.44,41.3 1 1
gv-api/test/e2e/setup.go:42.2,42.17 1 0
gv-api/test/e2e/setup.go:45.44,52.16 5 1
gv-api/test/e2e/setup.go:52.16,54.3 1 0
gv-api/test/e2e/setup.go:56.2,58.15 3 1
gv-api/test/e2e/setup.go:61.35,65.16 4 1
gv-api/test/e2e/setup.go:65.16,67.3 1 0
gv-api/test/e2e/setup.go:68.2,71.16 3 1
gv-api/test/e2e/setup.go:71.16,73.3 1 0
